Cycle: 10
-----------------------------------------------------------------------------------------------------------------------------------
| UNKNOWN                 | nop                     | nop                     | nop                     | nop                     |
-----------------------------------------------------------------------------------------------------------------------------------
Cycle: 10
-----------------------------------------------------------------------------------------------------------------------------------
| UNKNOWN                 | nop                     | nop                     | nop                     | nop                     |
-----------------------------------------------------------------------------------------------------------------------------------
Cycle: 10
-----------------------------------------------------------------------------------------------------------------------------------
| UNKNOWN                 | nop                     | nop                     | nop                     | nop                     |
-----------------------------------------------------------------------------------------------------------------------------------
Cycle: 10
-----------------------------------------------------------------------------------------------------------------------------------
| UNKNOWN                 | nop                     | nop                     | nop                     | nop                     |
-----------------------------------------------------------------------------------------------------------------------------------
Cycle: 10
-----------------------------------------------------------------------------------------------------------------------------------
| UNKNOWN                 | nop                     | nop                     | nop                     | nop                     |
-----------------------------------------------------------------------------------------------------------------------------------
Cycle: 10
-----------------------------------------------------------------------------------------------------------------------------------
| UNKNOWN                 | nop                     | nop                     | nop                     | nop                     |
-----------------------------------------------------------------------------------------------------------------------------------
Cycle: 10
-----------------------------------------------------------------------------------------------------------------------------------
| UNKNOWN                 | nop                     | nop                     | nop                     | nop                     |
-----------------------------------------------------------------------------------------------------------------------------------
Cycle: 10
-----------------------------------------------------------------------------------------------------------------------------------
| UNKNOWN                 | nop                     | nop                     | nop                     | nop                     |
-----------------------------------------------------------------------------------------------------------------------------------
Cycle: 10
-----------------------------------------------------------------------------------------------------------------------------------
| UNKNOWN                 | nop                     | nop                     | nop                     | nop                     |
-----------------------------------------------------------------------------------------------------------------------------------
Cycle: 10
-----------------------------------------------------------------------------------------------------------------------------------
| UNKNOWN                 | nop                     | nop                     | nop                     | nop                     |
-----------------------------------------------------------------------------------------------------------------------------------
Cycle: 10
-----------------------------------------------------------------------------------------------------------------------------------
| UNKNOWN                 | nop                     | nop                     | nop                     | nop                     |
-----------------------------------------------------------------------------------------------------------------------------------
Cycle: 10
-----------------------------------------------------------------------------------------------------------------------------------
| UNKNOWN                 | nop                     | nop                     | nop                     | nop                     |
-----------------------------------------------------------------------------------------------------------------------------------
Cycle: 10
-----------------------------------------------------------------------------------------------------------------------------------
| addi $t1, $zero, 0x12c  | bne $t2, $t0, 0x2       | addi $t2, $t0, 0x44     | lw $t0, 0($t4)          | addi $t4, $zero, 0x1c   |
-----------------------------------------------------------------------------------------------------------------------------------
Cycle: 6
-----------------------------------------------------------------------------------------------------------------------------------
| nop                     | nop                     | nop                     | and $zero, $zero, $zero | HALT                    |
-----------------------------------------------------------------------------------------------------------------------------------
Cycle: 10
-----------------------------------------------------------------------------------------------------------------------------------
| addi $t1, $zero, 0x12c  | bne $t2, $t0, 0x2       | addi $t2, $t0, 0x44     | lw $t0, 0($t4)          | addi $t4, $zero, 0x1c   |
-----------------------------------------------------------------------------------------------------------------------------------
Cycle: 10
-----------------------------------------------------------------------------------------------------------------------------------
| addi $t1, $zero, 0x12c  | addi $t1, $zero, 0x12c  | bne $t2, $t0, 0x2       | addi $t2, $t0, 0x44     | lw $t0, 0($t4)          |
-----------------------------------------------------------------------------------------------------------------------------------
Cycle: 10
-----------------------------------------------------------------------------------------------------------------------------------
| bne $t2, $t0, 0x2       | addi $t2, $t0, 0x44     | lw $t0, 0($t4)          | addi $t4, $zero, 0x1c   | nop                     |
-----------------------------------------------------------------------------------------------------------------------------------
Cycle: 10
-----------------------------------------------------------------------------------------------------------------------------------
| bne $t2, $t0, 0x2       | addi $t2, $t0, 0x44     | lw $t0, 0($t4)          | addi $t4, $zero, 0x1c   | nop                     |
-----------------------------------------------------------------------------------------------------------------------------------
Cycle: 10
-----------------------------------------------------------------------------------------------------------------------------------
| bne $t2, $t0, 0x2       | addi $t2, $t0, 0x44     | lw $t0, 0($t4)          | addi $t4, $zero, 0x1c   | nop                     |
-----------------------------------------------------------------------------------------------------------------------------------
Cycle: 10
-----------------------------------------------------------------------------------------------------------------------------------
| bne $t2, $t0, 0x2       | addi $t2, $t0, 0x44     | lw $t0, 0($t4)          | addi $t4, $zero, 0x1c   | nop                     |
-----------------------------------------------------------------------------------------------------------------------------------
Cycle: 10
-----------------------------------------------------------------------------------------------------------------------------------
| nop                     | nop                     | lw $t0, 0($t4)          | addi $t4, $zero, 0x1c   | nop                     |
-----------------------------------------------------------------------------------------------------------------------------------
Cycle: 10
-----------------------------------------------------------------------------------------------------------------------------------
| nop                     | nop                     | lw $t0, 0($t4)          | addi $t4, $zero, 0x1c   | nop                     |
-----------------------------------------------------------------------------------------------------------------------------------
Cycle: 10
-----------------------------------------------------------------------------------------------------------------------------------
| addi $t2, $t0, 0x44     | nop                     | lw $t0, 0($t4)          | addi $t4, $zero, 0x1c   | nop                     |
-----------------------------------------------------------------------------------------------------------------------------------
Cycle: 10
-----------------------------------------------------------------------------------------------------------------------------------
| addi $t2, $t0, 0x44     | nop                     | lw $t0, 0($t4)          | addi $t4, $zero, 0x1c   | nop                     |
-----------------------------------------------------------------------------------------------------------------------------------
Cycle: 10
-----------------------------------------------------------------------------------------------------------------------------------
| addi $t2, $t0, 0x44     | nop                     | lw $t0, 0($t4)          | addi $t4, $zero, 0x1c   | nop                     |
-----------------------------------------------------------------------------------------------------------------------------------
Cycle: 10
-----------------------------------------------------------------------------------------------------------------------------------
| addi $t2, $t0, 0x44     | nop                     | lw $t0, 0($t4)          | addi $t4, $zero, 0x1c   | nop                     |
-----------------------------------------------------------------------------------------------------------------------------------
Cycle: 10
-----------------------------------------------------------------------------------------------------------------------------------
| addi $t2, $t0, 0x44     | nop                     | lw $t0, 0($t4)          | addi $t4, $zero, 0x1c   | nop                     |
-----------------------------------------------------------------------------------------------------------------------------------
Cycle: 7
-----------------------------------------------------------------------------------------------------------------------------------
| nop                     | nop                     | nop                     | and $zero, $zero, $zero | HALT                    |
-----------------------------------------------------------------------------------------------------------------------------------
Cycle: 0
-----------------------------------------------------------------------------------------------------------------------------------
| nop                     | nop                     | nop                     | nop                     | nop                     |
-----------------------------------------------------------------------------------------------------------------------------------
Cycle: 10
-----------------------------------------------------------------------------------------------------------------------------------
| addi $t2, $t0, 0x44     | nop                     | lw $t0, 0($t4)          | addi $t4, $zero, 0x1c   | nop                     |
-----------------------------------------------------------------------------------------------------------------------------------
Cycle: 10
-----------------------------------------------------------------------------------------------------------------------------------
| nop                     | nop                     | lw $t0, 0($t4)          | addi $t4, $zero, 0x1c   | nop                     |
-----------------------------------------------------------------------------------------------------------------------------------
